::1 - - [25/Jan/2017:13:51:18 +0100] "GET / HTTP/1.1" 200 2297
::1 - - [25/Jan/2017:13:51:18 +0100] "GET /images/bg-home.png HTTP/1.1" 404 216
::1 - - [25/Jan/2017:13:51:21 +0100] "GET /favicon.ico HTTP/1.1" 404 209
::1 - - [25/Jan/2017:13:51:24 +0100] "GET /?page=inc/contact.php HTTP/1.1" 200 2320
::1 - - [25/Jan/2017:13:51:24 +0100] "GET /images/bg-home.png HTTP/1.1" 404 216
::1 - - [25/Jan/2017:13:51:36 +0100] "GET /index.html?name=Sylvano+Verkuyl&Address=Granietstraat+12&Email=sylvanoverkuyl%40hotmail.com&meassage=ssssssssssssssssssssssssssssssss HTTP/1.1" 404 208
::1 - - [25/Jan/2017:13:52:51 +0100] "GET /index.html?name=Sylvano+Verkuyl&Address=Granietstraat+12&Email=sylvanoverkuyl%40hotmail.com&meassage=ssssssssssssssssssssssssssssssss HTTP/1.1" 404 208
::1 - - [25/Jan/2017:13:53:36 +0100] "GET /?page=inc/contact.php HTTP/1.1" 200 2325
::1 - - [25/Jan/2017:13:53:36 +0100] "GET /images/bg-home.png HTTP/1.1" 404 216
::1 - - [25/Jan/2017:13:53:44 +0100] "GET /?name=ssssss&Address=s&Email=s&meassage=sss HTTP/1.1" 200 2297
::1 - - [25/Jan/2017:13:53:44 +0100] "GET /images/bg-home.png HTTP/1.1" 404 216
::1 - - [25/Jan/2017:13:58:42 +0100] "GET /?page=inc/contact.php HTTP/1.1" 200 2331
::1 - - [25/Jan/2017:13:58:42 +0100] "GET /?name=ssssss&Address=s&Email=s&meassage=sss HTTP/1.1" 200 2297
::1 - - [25/Jan/2017:13:58:42 +0100] "GET /images/bg-home.png HTTP/1.1" 404 216
::1 - - [25/Jan/2017:13:58:50 +0100] "GET /?name=Sylvano+Verkuyl&Address=Granietstraat+12&Email=s&meassage=s HTTP/1.1" 200 2297
::1 - - [25/Jan/2017:13:58:51 +0100] "GET /images/bg-home.png HTTP/1.1" 404 216
::1 - - [25/Jan/2017:13:59:18 +0100] "GET /?name=Sylvano+Verkuyl&Address=Granietstraat+12&Email=s&meassage=s HTTP/1.1" 200 2297
::1 - - [25/Jan/2017:13:59:18 +0100] "GET /images/bg-home.png HTTP/1.1" 404 216
::1 - - [25/Jan/2017:13:59:18 +0100] "GET /?name=Sylvano+Verkuyl&Address=Granietstraat+12&Email=s&meassage=s HTTP/1.1" 200 2297
::1 - - [25/Jan/2017:13:59:18 +0100] "GET /?name=Sylvano+Verkuyl&Address=Granietstraat+12&Email=s&meassage=s HTTP/1.1" 200 2297
::1 - - [25/Jan/2017:13:59:20 +0100] "GET /?page=inc/contact.php HTTP/1.1" 200 2321
::1 - - [25/Jan/2017:13:59:24 +0100] "GET /bedankt.php?name=s&Address=&Email=&meassage= HTTP/1.1" 404 209
::1 - - [25/Jan/2017:13:59:33 +0100] "GET /?page=inc/contact.php HTTP/1.1" 200 2325
::1 - - [25/Jan/2017:13:59:35 +0100] "GET /inc/bedankt.php?name=&Address=&Email=&meassage= HTTP/1.1" 200 165
::1 - - [25/Jan/2017:13:59:38 +0100] "GET /inc/bedankt.php?page=homepage.php HTTP/1.1" 200 165
::1 - - [25/Jan/2017:13:59:58 +0100] "GET /inc/bedankt.php?page=homepage.php HTTP/1.1" 200 165
::1 - - [25/Jan/2017:14:00:05 +0100] "GET /inc/bedankt.php?name=&Address=&Email=&meassage= HTTP/1.1" 200 165
::1 - - [25/Jan/2017:14:00:07 +0100] "GET /inc/bedankt.php?page=homepage.php HTTP/1.1" 200 165
::1 - - [25/Jan/2017:14:02:57 +0100] "GET /?page=homepage.php HTTP/1.1" 200 2297
::1 - - [25/Jan/2017:14:03:00 +0100] "GET /?page=inc/contact.php HTTP/1.1" 200 2329
::1 - - [25/Jan/2017:14:03:16 +0100] "GET /?name=&Address=&Email=&meassage= HTTP/1.1" 200 2297
::1 - - [25/Jan/2017:14:04:49 +0100] "GET /?page=inc/contact.php HTTP/1.1" 200 2321
::1 - - [25/Jan/2017:14:04:52 +0100] "GET /bedankt.php?name=&Address=&Email=&meassage= HTTP/1.1" 404 209
::1 - - [25/Jan/2017:14:05:05 +0100] "GET /bedankt.php?name=&Address=&Email=&meassage= HTTP/1.1" 404 209
::1 - - [25/Jan/2017:14:05:08 +0100] "GET /?page=inc/contact.php HTTP/1.1" 200 2325
::1 - - [25/Jan/2017:14:05:10 +0100] "GET /inc/bedankt.php?name=&Address=&Email=&meassage= HTTP/1.1" 200 169
::1 - - [25/Jan/2017:14:06:45 +0100] "GET /inc/bedankt.php?name=&Address=&Email=&meassage= HTTP/1.1" 200 1632
::1 - - [25/Jan/2017:14:06:45 +0100] "GET /inc/images/logo.png HTTP/1.1" 404 217
::1 - - [25/Jan/2017:14:08:15 +0100] "GET /inc/bedankt.php?name=&Address=&Email=&meassage= HTTP/1.1" 200 1747
::1 - - [25/Jan/2017:14:08:15 +0100] "GET /inc/js/mobile.js HTTP/1.1" 404 214
::1 - - [25/Jan/2017:14:08:15 +0100] "GET /inc/images/logo.png HTTP/1.1" 404 217
::1 - - [25/Jan/2017:15:29:52 +0100] "GET /inc/bedankt.php?name=&Address=&Email=&meassage= HTTP/1.1" 200 1747
::1 - - [25/Jan/2017:15:29:53 +0100] "GET /inc/js/mobile.js HTTP/1.1" 404 214
::1 - - [25/Jan/2017:15:29:53 +0100] "GET /inc/images/logo.png HTTP/1.1" 200 23377
::1 - - [25/Jan/2017:15:30:00 +0100] "GET /inc/bedankt.php?page=inc/homepage.php HTTP/1.1" 200 1747
::1 - - [25/Jan/2017:15:30:00 +0100] "GET /inc/js/mobile.js HTTP/1.1" 404 214
::1 - - [25/Jan/2017:15:30:01 +0100] "GET /inc/bedankt.php?page=inc/homepage.php HTTP/1.1" 200 1747
::1 - - [25/Jan/2017:15:30:01 +0100] "GET /inc/js/mobile.js HTTP/1.1" 404 214
::1 - - [25/Jan/2017:15:30:02 +0100] "GET /inc/bedankt.php?page=inc/homepage.php HTTP/1.1" 200 1747
::1 - - [25/Jan/2017:15:30:02 +0100] "GET /inc/js/mobile.js HTTP/1.1" 404 214
::1 - - [25/Jan/2017:15:30:04 +0100] "GET /inc/bedankt.php?page=inc/homepage.php HTTP/1.1" 200 1747
::1 - - [25/Jan/2017:15:30:04 +0100] "GET /inc/js/mobile.js HTTP/1.1" 404 214
::1 - - [25/Jan/2017:15:30:05 +0100] "GET /inc/bedankt.php?page=inc/homepage.php HTTP/1.1" 200 1747
::1 - - [25/Jan/2017:15:30:05 +0100] "GET /inc/js/mobile.js HTTP/1.1" 404 214
::1 - - [25/Jan/2017:15:30:50 +0100] "GET /?page=inc/contact.php HTTP/1.1" 200 2328
::1 - - [25/Jan/2017:15:30:50 +0100] "GET /images/bg-home.png HTTP/1.1" 404 216
::1 - - [25/Jan/2017:15:30:52 +0100] "GET /?name=&Address=&Email=&meassage= HTTP/1.1" 200 2297
::1 - - [25/Jan/2017:15:30:52 +0100] "GET /images/bg-home.png HTTP/1.1" 404 216
::1 - - [25/Jan/2017:15:30:57 +0100] "GET /?page=inc/homepage.php HTTP/1.1" 200 2297
::1 - - [25/Jan/2017:15:30:57 +0100] "GET /images/bg-home.png HTTP/1.1" 404 216
::1 - - [25/Jan/2017:15:30:58 +0100] "GET /?page=inc/about.php HTTP/1.1" 200 1824
::1 - - [25/Jan/2017:15:30:58 +0100] "GET /images/bg-home.png HTTP/1.1" 404 216
::1 - - [25/Jan/2017:15:31:20 +0100] "GET /?page=inc/homepage.php HTTP/1.1" 200 2297
::1 - - [25/Jan/2017:15:31:20 +0100] "GET /images/bg-home.png HTTP/1.1" 404 216
::1 - - [25/Jan/2017:15:55:30 +0100] "GET /?page=inc/homepage.php HTTP/1.1" 200 2297
::1 - - [25/Jan/2017:15:55:30 +0100] "GET /images/bg-home.png HTTP/1.1" 404 216
::1 - - [25/Jan/2017:15:55:31 +0100] "GET /?page=inc/homepage.php HTTP/1.1" 200 2297
::1 - - [25/Jan/2017:15:55:31 +0100] "GET /images/bg-home.png HTTP/1.1" 404 216
::1 - - [25/Jan/2017:15:55:40 +0100] "GET / HTTP/1.1" 200 2297
::1 - - [25/Jan/2017:15:55:40 +0100] "GET /images/bg-home.png HTTP/1.1" 404 216
::1 - - [25/Jan/2017:15:59:13 +0100] "GET / HTTP/1.1" 200 2297
::1 - - [25/Jan/2017:15:59:13 +0100] "GET /images/bg-home.png HTTP/1.1" 404 216
::1 - - [25/Jan/2017:15:59:48 +0100] "GET / HTTP/1.1" 200 2297
::1 - - [25/Jan/2017:15:59:48 +0100] "GET /images/bg-home.png HTTP/1.1" 404 216
::1 - - [25/Jan/2017:15:59:53 +0100] "GET / HTTP/1.1" 200 2297
::1 - - [25/Jan/2017:15:59:53 +0100] "GET /images/bg-home.png HTTP/1.1" 404 216
::1 - - [25/Jan/2017:16:00:05 +0100] "GET / HTTP/1.1" 200 2297
::1 - - [25/Jan/2017:16:00:05 +0100] "GET /images/bg-home.png HTTP/1.1" 404 216
::1 - - [25/Jan/2017:16:00:07 +0100] "GET /favicon.ico HTTP/1.1" 404 209
::1 - - [25/Jan/2017:16:04:36 +0100] "GET / HTTP/1.1" 200 2297
::1 - - [25/Jan/2017:16:04:37 +0100] "GET /images/bg-home.png HTTP/1.1" 404 216
::1 - - [25/Jan/2017:16:04:37 +0100] "GET /?page=inc/about.php HTTP/1.1" 200 3068
::1 - - [25/Jan/2017:16:04:38 +0100] "GET /images/bg-home.png HTTP/1.1" 404 216
::1 - - [25/Jan/2017:16:08:14 +0100] "GET /?page=inc/about.php HTTP/1.1" 200 3191
::1 - - [25/Jan/2017:16:08:14 +0100] "GET /materialize.css HTTP/1.1" 404 213
::1 - - [25/Jan/2017:16:08:14 +0100] "GET /js/materialize.js HTTP/1.1" 200 309036
::1 - - [25/Jan/2017:16:08:14 +0100] "GET /images/bg-home.png HTTP/1.1" 404 216
::1 - - [25/Jan/2017:16:08:48 +0100] "GET /?page=inc/about.php HTTP/1.1" 200 3195
::1 - - [25/Jan/2017:16:08:48 +0100] "GET /css/materialize.css HTTP/1.1" 200 154525
::1 - - [25/Jan/2017:16:08:48 +0100] "GET /images/bg-home.png HTTP/1.1" 404 216
::1 - - [25/Jan/2017:16:10:47 +0100] "GET /?page=inc/about.php HTTP/1.1" 200 3266
::1 - - [25/Jan/2017:16:10:47 +0100] "GET /js/materialize.min.js HTTP/1.1" 200 142888
::1 - - [25/Jan/2017:16:10:47 +0100] "GET /images/bg-home.png HTTP/1.1" 404 216
::1 - - [25/Jan/2017:16:10:50 +0100] "GET /?page=inc/about.php HTTP/1.1" 200 3266
::1 - - [25/Jan/2017:16:10:50 +0100] "GET /images/bg-home.png HTTP/1.1" 404 216
::1 - - [25/Jan/2017:16:10:54 +0100] "GET /?page=inc/homepage.php HTTP/1.1" 200 2495
::1 - - [25/Jan/2017:16:10:54 +0100] "GET /images/bg-home.png HTTP/1.1" 404 216
::1 - - [25/Jan/2017:16:10:59 +0100] "GET /?page=inc/about.php HTTP/1.1" 200 3266
::1 - - [25/Jan/2017:16:10:59 +0100] "GET /images/bg-home.png HTTP/1.1" 404 216
::1 - - [25/Jan/2017:16:12:17 +0100] "GET /?page=inc/homepage.php HTTP/1.1" 200 2524
::1 - - [25/Jan/2017:16:12:17 +0100] "GET /images/bg-home.png HTTP/1.1" 404 216
::1 - - [25/Jan/2017:16:12:27 +0100] "GET /?page=inc/about.php HTTP/1.1" 200 3266
::1 - - [25/Jan/2017:16:12:27 +0100] "GET /images/bg-home.png HTTP/1.1" 404 216
::1 - - [25/Jan/2017:16:13:07 +0100] "GET /?page=inc/about.php HTTP/1.1" 200 3245
::1 - - [25/Jan/2017:16:13:07 +0100] "GET /images/runner.jpg HTTP/1.1" 404 215
::1 - - [25/Jan/2017:16:13:08 +0100] "GET /images/runner.jpg HTTP/1.1" 404 215
::1 - - [25/Jan/2017:16:13:08 +0100] "GET /images/bg-home.png HTTP/1.1" 404 216
::1 - - [25/Jan/2017:16:13:09 +0100] "GET /?page=inc/about.php HTTP/1.1" 200 3245
::1 - - [25/Jan/2017:16:13:09 +0100] "GET /images/runner.jpg HTTP/1.1" 404 215
::1 - - [25/Jan/2017:16:13:09 +0100] "GET /?page=inc/about.php HTTP/1.1" 200 3245
::1 - - [25/Jan/2017:16:13:09 +0100] "GET /images/runner.jpg HTTP/1.1" 404 215
::1 - - [25/Jan/2017:16:13:09 +0100] "GET /images/bg-home.png HTTP/1.1" 404 216
::1 - - [25/Jan/2017:16:13:09 +0100] "GET /?page=inc/about.php HTTP/1.1" 200 3245
::1 - - [25/Jan/2017:16:13:09 +0100] "GET /images/runner.jpg HTTP/1.1" 404 215
::1 - - [25/Jan/2017:16:13:24 +0100] "GET /blog.html HTTP/1.1" 200 3493
::1 - - [25/Jan/2017:16:13:24 +0100] "GET /images/blog-image1.png HTTP/1.1" 404 220
::1 - - [25/Jan/2017:16:13:24 +0100] "GET /images/blog-image2.png HTTP/1.1" 404 220
::1 - - [25/Jan/2017:16:13:24 +0100] "GET /images/blog-image3.png HTTP/1.1" 404 220
::1 - - [25/Jan/2017:16:13:24 +0100] "GET /images/blog-image4.png HTTP/1.1" 404 220
::1 - - [25/Jan/2017:16:13:30 +0100] "GET /index.html HTTP/1.1" 404 208
::1 - - [25/Jan/2017:16:13:39 +0100] "GET /?page=inc/about.php HTTP/1.1" 200 3245
::1 - - [25/Jan/2017:16:13:39 +0100] "GET /images/runner.jpg HTTP/1.1" 404 215
::1 - - [25/Jan/2017:16:13:39 +0100] "GET /images/runner.jpg HTTP/1.1" 404 215
::1 - - [25/Jan/2017:16:13:39 +0100] "GET /images/bg-home.png HTTP/1.1" 404 216
::1 - - [25/Jan/2017:16:17:20 +0100] "GET /?page=inc/about.php HTTP/1.1" 200 3363
::1 - - [25/Jan/2017:16:17:21 +0100] "GET /images/runner.jpg HTTP/1.1" 404 215
::1 - - [25/Jan/2017:16:17:21 +0100] "GET /images/runner.jpg HTTP/1.1" 404 215
::1 - - [25/Jan/2017:16:17:21 +0100] "GET /images/bg-home.png HTTP/1.1" 404 216
::1 - - [25/Jan/2017:16:17:23 +0100] "GET /?page=inc/about.php HTTP/1.1" 200 3363
::1 - - [25/Jan/2017:16:17:23 +0100] "GET /images/runner.jpg HTTP/1.1" 404 215
::1 - - [25/Jan/2017:16:17:23 +0100] "GET /images/runner.jpg HTTP/1.1" 404 215
::1 - - [25/Jan/2017:16:17:23 +0100] "GET /images/bg-home.png HTTP/1.1" 404 216
::1 - - [25/Jan/2017:16:17:26 +0100] "GET /?page=inc/homepage.php HTTP/1.1" 200 2642
::1 - - [25/Jan/2017:16:17:26 +0100] "GET /images/bg-home.png HTTP/1.1" 404 216
::1 - - [25/Jan/2017:16:17:27 +0100] "GET /?page=inc/about.php HTTP/1.1" 200 3363
::1 - - [25/Jan/2017:16:17:27 +0100] "GET /images/runner.jpg HTTP/1.1" 404 215
::1 - - [25/Jan/2017:16:17:27 +0100] "GET /images/runner.jpg HTTP/1.1" 404 215
::1 - - [25/Jan/2017:16:17:27 +0100] "GET /images/bg-home.png HTTP/1.1" 404 216
::1 - - [25/Jan/2017:16:18:19 +0100] "GET /?page=inc/about.php HTTP/1.1" 200 3460
::1 - - [25/Jan/2017:16:18:19 +0100] "GET /images/runner.jpg HTTP/1.1" 404 215
::1 - - [25/Jan/2017:16:18:19 +0100] "GET /images/runner.jpg HTTP/1.1" 404 215
::1 - - [25/Jan/2017:16:18:19 +0100] "GET /images/bg-home.png HTTP/1.1" 404 216
::1 - - [25/Jan/2017:16:18:21 +0100] "GET /?page=inc/about.php HTTP/1.1" 200 3460
::1 - - [25/Jan/2017:16:18:21 +0100] "GET /images/runner.jpg HTTP/1.1" 404 215
::1 - - [25/Jan/2017:16:18:21 +0100] "GET /images/runner.jpg HTTP/1.1" 404 215
::1 - - [25/Jan/2017:16:18:21 +0100] "GET /images/bg-home.png HTTP/1.1" 404 216
::1 - - [25/Jan/2017:16:19:23 +0100] "GET /?page=inc/about.php HTTP/1.1" 200 3536
::1 - - [25/Jan/2017:16:19:23 +0100] "GET /images/runner.jpg HTTP/1.1" 404 215
::1 - - [25/Jan/2017:16:19:23 +0100] "GET /images/runner.jpg HTTP/1.1" 404 215
::1 - - [25/Jan/2017:16:19:23 +0100] "GET /images/bg-home.png HTTP/1.1" 404 216
::1 - - [25/Jan/2017:16:19:23 +0100] "GET /images/runner.jpg HTTP/1.1" 404 215
::1 - - [25/Jan/2017:16:23:56 +0100] "GET /?page=inc/about.php HTTP/1.1" 200 3520
::1 - - [25/Jan/2017:16:23:57 +0100] "GET /images/running-man.png HTTP/1.1" 200 186079
::1 - - [25/Jan/2017:16:23:57 +0100] "GET /images/bg-home.png HTTP/1.1" 404 216
::1 - - [25/Jan/2017:16:25:00 +0100] "GET /?page=inc/homepage.php HTTP/1.1" 200 3982
::1 - - [25/Jan/2017:16:25:00 +0100] "GET /images/bg-home.png HTTP/1.1" 404 216
::1 - - [25/Jan/2017:16:25:08 +0100] "GET /?page=inc/about.php HTTP/1.1" 200 2317
::1 - - [25/Jan/2017:16:25:08 +0100] "GET /images/bg-home.png HTTP/1.1" 404 216
::1 - - [25/Jan/2017:16:25:43 +0100] "GET /?page=inc/homepage.php HTTP/1.1" 200 3985
::1 - - [25/Jan/2017:16:25:43 +0100] "GET /images/bg-home.png HTTP/1.1" 404 216
::1 - - [25/Jan/2017:16:27:46 +0100] "GET /?page=inc/homepage.php HTTP/1.1" 200 3912
::1 - - [25/Jan/2017:16:27:46 +0100] "GET /images/bg-home.png HTTP/1.1" 404 216
::1 - - [25/Jan/2017:16:28:09 +0100] "GET /?page=inc/homepage.php HTTP/1.1" 200 2709
::1 - - [25/Jan/2017:16:28:09 +0100] "GET /images/bg-home.png HTTP/1.1" 404 216
::1 - - [25/Jan/2017:16:28:27 +0100] "GET /?page=inc/homepage.php HTTP/1.1" 200 3911
::1 - - [25/Jan/2017:16:28:27 +0100] "GET /images/bg-home.png HTTP/1.1" 404 216
::1 - - [25/Jan/2017:16:28:43 +0100] "GET /?page=inc/homepage.php HTTP/1.1" 200 3909
::1 - - [25/Jan/2017:16:28:43 +0100] "GET /images/bg-home.png HTTP/1.1" 404 216
::1 - - [25/Jan/2017:16:29:55 +0100] "GET /?page=inc/homepage.php HTTP/1.1" 200 3909
::1 - - [25/Jan/2017:16:29:55 +0100] "GET /images/bg-home.png HTTP/1.1" 404 216
::1 - - [25/Jan/2017:16:30:38 +0100] "GET /?page=inc/homepage.php HTTP/1.1" 200 3946
::1 - - [25/Jan/2017:16:30:39 +0100] "GET /images/bg-home.png HTTP/1.1" 404 216
::1 - - [25/Jan/2017:16:31:08 +0100] "GET /?page=inc/homepage.php HTTP/1.1" 200 3915
::1 - - [25/Jan/2017:16:31:08 +0100] "GET /images/bg-home.png HTTP/1.1" 404 216
::1 - - [25/Jan/2017:16:31:31 +0100] "GET /?page=inc/homepage.php HTTP/1.1" 200 3915
::1 - - [25/Jan/2017:16:31:31 +0100] "GET /images/bg-home.png HTTP/1.1" 404 216
::1 - - [25/Jan/2017:16:32:49 +0100] "GET /?page=inc/homepage.php HTTP/1.1" 200 3957
::1 - - [25/Jan/2017:16:32:49 +0100] "GET /images/bg-home.png HTTP/1.1" 404 216
::1 - - [25/Jan/2017:16:33:21 +0100] "GET /?page=inc/homepage.php HTTP/1.1" 200 3956
::1 - - [25/Jan/2017:16:33:21 +0100] "GET /images/bg-home.png HTTP/1.1" 404 216
::1 - - [25/Jan/2017:16:33:42 +0100] "GET /?page=inc/homepage.php HTTP/1.1" 200 3914
::1 - - [25/Jan/2017:16:33:42 +0100] "GET /images/bg-home.png HTTP/1.1" 404 216
::1 - - [25/Jan/2017:16:34:02 +0100] "GET /?page=inc/homepage.php HTTP/1.1" 200 3914
::1 - - [25/Jan/2017:16:34:02 +0100] "GET /images/bg-home.png HTTP/1.1" 404 216
::1 - - [25/Jan/2017:16:34:08 +0100] "GET /?page=inc/homepage.php HTTP/1.1" 200 3914
::1 - - [25/Jan/2017:16:34:08 +0100] "GET /images/bg-home.png HTTP/1.1" 404 216
::1 - - [25/Jan/2017:16:34:20 +0100] "GET /?page=inc/homepage.php HTTP/1.1" 200 3914
::1 - - [25/Jan/2017:16:34:20 +0100] "GET /images/bg-home.png HTTP/1.1" 404 216
::1 - - [25/Jan/2017:16:35:18 +0100] "GET /?page=inc/homepage.php HTTP/1.1" 200 2703
::1 - - [25/Jan/2017:16:35:18 +0100] "GET /images/bg-home.png HTTP/1.1" 404 216
::1 - - [25/Jan/2017:16:35:32 +0100] "GET /?page=inc/homepage.php HTTP/1.1" 200 2704
::1 - - [25/Jan/2017:16:35:33 +0100] "GET /images/bg-home.png HTTP/1.1" 404 216
::1 - - [25/Jan/2017:16:44:30 +0100] "GET /?page=inc/homepage.php HTTP/1.1" 200 4325
::1 - - [25/Jan/2017:16:44:30 +0100] "GET /images/bg-home.png HTTP/1.1" 404 216
::1 - - [25/Jan/2017:16:44:54 +0100] "GET /?page=inc/homepage.php HTTP/1.1" 200 3949
::1 - - [25/Jan/2017:16:44:55 +0100] "GET /images/bg-home.png HTTP/1.1" 404 216
::1 - - [25/Jan/2017:16:45:20 +0100] "GET /?page=inc/contact.php HTTP/1.1" 200 2817
::1 - - [25/Jan/2017:16:45:20 +0100] "GET /images/bg-home.png HTTP/1.1" 404 216
::1 - - [25/Jan/2017:16:45:26 +0100] "GET /?page=inc/about.php HTTP/1.1" 200 2317
::1 - - [25/Jan/2017:16:45:26 +0100] "GET /images/bg-home.png HTTP/1.1" 404 216
::1 - - [25/Jan/2017:16:45:32 +0100] "GET /?page=inc/homepage.php HTTP/1.1" 200 3949
::1 - - [25/Jan/2017:16:45:32 +0100] "GET /images/bg-home.png HTTP/1.1" 404 216
::1 - - [25/Jan/2017:16:45:35 +0100] "GET /?page=inc/about.php HTTP/1.1" 200 2317
::1 - - [25/Jan/2017:16:45:35 +0100] "GET /images/bg-home.png HTTP/1.1" 404 216
::1 - - [25/Jan/2017:16:46:07 +0100] "GET /?page=inc/homepage.php HTTP/1.1" 200 3949
::1 - - [25/Jan/2017:16:46:07 +0100] "GET /images/bg-home.png HTTP/1.1" 404 216
::1 - - [25/Jan/2017:16:46:50 +0100] "GET /images/blog-image1.png HTTP/1.1" 404 220
::1 - - [25/Jan/2017:16:46:50 +0100] "GET /images/blog-image2.png HTTP/1.1" 404 220
::1 - - [25/Jan/2017:16:46:50 +0100] "GET /images/blog-image3.png HTTP/1.1" 404 220
::1 - - [25/Jan/2017:16:46:50 +0100] "GET /images/blog-image4.png HTTP/1.1" 404 220
::1 - - [25/Jan/2017:16:46:50 +0100] "GET /images/bg-home.png HTTP/1.1" 404 216
::1 - - [25/Jan/2017:16:46:50 +0100] "GET /images/blog-image1.png HTTP/1.1" 404 220
::1 - - [25/Jan/2017:16:47:03 +0100] "GET /?page=inc/contact.php HTTP/1.1" 200 2817
::1 - - [25/Jan/2017:16:47:03 +0100] "GET /images/bg-home.png HTTP/1.1" 404 216
::1 - - [25/Jan/2017:16:47:06 +0100] "GET /?name=&Address=&Email=&meassage= HTTP/1.1" 200 3949
::1 - - [25/Jan/2017:16:47:06 +0100] "GET /images/bg-home.png HTTP/1.1" 404 216
::1 - - [25/Jan/2017:17:07:02 +0100] "GET /?page=inc/contact.php HTTP/1.1" 200 2817
::1 - - [25/Jan/2017:17:07:03 +0100] "GET /images/bg-home.png HTTP/1.1" 404 216
::1 - - [25/Jan/2017:17:07:08 +0100] "GET /?name=&Address=&Email=&meassage= HTTP/1.1" 200 3949
::1 - - [25/Jan/2017:17:07:08 +0100] "GET /images/bg-home.png HTTP/1.1" 404 216
::1 - - [25/Jan/2017:17:07:10 +0100] "GET /?page=inc/about.php HTTP/1.1" 200 2317
::1 - - [25/Jan/2017:17:07:10 +0100] "GET /images/bg-home.png HTTP/1.1" 404 216
::1 - - [25/Jan/2017:17:10:47 +0100] "GET /?page=inc/homepage.php HTTP/1.1" 200 3949
::1 - - [25/Jan/2017:17:10:47 +0100] "GET /images/bg-home.png HTTP/1.1" 404 216
::1 - - [25/Jan/2017:17:12:08 +0100] "GET /?page=inc/contact.php HTTP/1.1" 200 2817
::1 - - [25/Jan/2017:17:12:08 +0100] "GET /images/bg-home.png HTTP/1.1" 404 216
::1 - - [25/Jan/2017:17:14:26 +0100] "GET /?page=inc/contact.php HTTP/1.1" 200 2963
::1 - - [25/Jan/2017:17:14:26 +0100] "GET /images/bg-home.png HTTP/1.1" 404 216
::1 - - [25/Jan/2017:17:15:56 +0100] "GET /?page=inc/contact.php HTTP/1.1" 200 3063
::1 - - [25/Jan/2017:17:15:56 +0100] "GET /images/bg-home.png HTTP/1.1" 404 216
::1 - - [25/Jan/2017:17:17:06 +0100] "GET /?page=inc/contact.php HTTP/1.1" 200 3032
::1 - - [25/Jan/2017:17:17:06 +0100] "GET /images/bg-home.png HTTP/1.1" 404 216
::1 - - [25/Jan/2017:17:18:59 +0100] "GET /?page=inc/contact.php HTTP/1.1" 200 3076
::1 - - [25/Jan/2017:17:18:59 +0100] "GET /images/bg-home.png HTTP/1.1" 404 216
::1 - - [25/Jan/2017:17:19:15 +0100] "GET /?page=inc/contact.php HTTP/1.1" 200 3072
::1 - - [25/Jan/2017:17:19:15 +0100] "GET /images/bg-home.png HTTP/1.1" 404 216
::1 - - [25/Jan/2017:17:19:46 +0100] "GET /?page=inc/contact.php HTTP/1.1" 200 3081
::1 - - [25/Jan/2017:17:19:47 +0100] "GET /images/bg-home.png HTTP/1.1" 404 216
::1 - - [25/Jan/2017:17:20:08 +0100] "GET /?page=inc/contact.php HTTP/1.1" 200 3082
::1 - - [25/Jan/2017:17:20:08 +0100] "GET /images/bg-home.png HTTP/1.1" 404 216
::1 - - [25/Jan/2017:17:20:18 +0100] "GET /?page=inc/contact.php HTTP/1.1" 200 3061
::1 - - [25/Jan/2017:17:20:18 +0100] "GET /images/bg-home.png HTTP/1.1" 404 216
::1 - - [25/Jan/2017:17:20:41 +0100] "GET /?page=inc/contact.php HTTP/1.1" 200 3082
::1 - - [25/Jan/2017:17:20:41 +0100] "GET /images/bg-home.png HTTP/1.1" 404 216
::1 - - [25/Jan/2017:17:20:48 +0100] "GET /?page=inc/contact.php HTTP/1.1" 200 3086
::1 - - [25/Jan/2017:17:20:48 +0100] "GET /images/bg-home.png HTTP/1.1" 404 216
::1 - - [25/Jan/2017:17:20:56 +0100] "GET /?page=inc/contact.php HTTP/1.1" 200 3085
::1 - - [25/Jan/2017:17:20:56 +0100] "GET /images/bg-home.png HTTP/1.1" 404 216
::1 - - [25/Jan/2017:17:21:03 +0100] "GET /?page=inc/contact.php HTTP/1.1" 200 3083
::1 - - [25/Jan/2017:17:21:03 +0100] "GET /images/bg-home.png HTTP/1.1" 404 216
::1 - - [25/Jan/2017:17:21:44 +0100] "GET /?page=inc/contact.php HTTP/1.1" 200 3110
::1 - - [25/Jan/2017:17:21:44 +0100] "GET /images/bg-home.png HTTP/1.1" 404 216
::1 - - [25/Jan/2017:17:30:17 +0100] "GET /?page=inc/contact.php HTTP/1.1" 200 3110
::1 - - [25/Jan/2017:17:30:17 +0100] "GET /images/bg-home.png HTTP/1.1" 404 216
::1 - - [25/Jan/2017:17:30:23 +0100] "GET /?page=inc/homepage.php HTTP/1.1" 200 3949
::1 - - [25/Jan/2017:17:30:23 +0100] "GET /images/bg-home.png HTTP/1.1" 404 216
::1 - - [25/Jan/2017:17:30:47 +0100] "GET /?page=inc/about.php HTTP/1.1" 200 2317
::1 - - [25/Jan/2017:17:30:48 +0100] "GET /images/bg-home.png HTTP/1.1" 404 216
::1 - - [25/Jan/2017:17:30:50 +0100] "GET /?page=inc/contact.php HTTP/1.1" 200 3110
::1 - - [25/Jan/2017:17:30:50 +0100] "GET /images/bg-home.png HTTP/1.1" 404 216
::1 - - [25/Jan/2017:17:31:06 +0100] "GET /?page=afspraak.php HTTP/1.1" 200 3949
::1 - - [25/Jan/2017:17:31:06 +0100] "GET /images/bg-home.png HTTP/1.1" 404 216
::1 - - [25/Jan/2017:17:31:09 +0100] "GET /?page=inc/contact.php HTTP/1.1" 200 3110
::1 - - [25/Jan/2017:17:31:09 +0100] "GET /images/bg-home.png HTTP/1.1" 404 216
::1 - - [25/Jan/2017:17:31:35 +0100] "GET /?page=inc/contact.php HTTP/1.1" 200 3229
::1 - - [25/Jan/2017:17:31:35 +0100] "GET /images/bg-home.png HTTP/1.1" 404 216
::1 - - [25/Jan/2017:17:31:36 +0100] "GET /?page=inc/contact.php HTTP/1.1" 200 3229
::1 - - [25/Jan/2017:17:31:36 +0100] "GET /images/bg-home.png HTTP/1.1" 404 216
::1 - - [25/Jan/2017:19:01:48 +0100] "GET /images/mobile/mobile-menu.png HTTP/1.1" 200 1266
::1 - - [25/Jan/2017:19:01:52 +0100] "GET /images/mobile/mobile-close.png HTTP/1.1" 200 1539
::1 - - [25/Jan/2017:19:01:54 +0100] "GET /?page=inc/homepage.php HTTP/1.1" 200 3949
::1 - - [25/Jan/2017:19:01:54 +0100] "GET /images/bg-home.png HTTP/1.1" 404 216
::1 - - [25/Jan/2017:19:03:34 +0100] "GET /?page=inc/contact.php HTTP/1.1" 200 3328
::1 - - [25/Jan/2017:19:03:34 +0100] "GET /images/bg-home.png HTTP/1.1" 404 216
::1 - - [25/Jan/2017:19:05:16 +0100] "GET /?page=inc/homepage.php HTTP/1.1" 200 3949
::1 - - [25/Jan/2017:19:05:17 +0100] "GET /images/bg-home.png HTTP/1.1" 404 216
::1 - - [25/Jan/2017:19:10:42 +0100] "GET /?page=inc/contact.php HTTP/1.1" 200 3393
::1 - - [25/Jan/2017:19:10:43 +0100] "GET /images/bg-home.png HTTP/1.1" 404 216
::1 - - [25/Jan/2017:19:10:46 +0100] "GET /?page=index.php HTTP/1.1" 200 3949
::1 - - [25/Jan/2017:19:10:46 +0100] "GET /images/bg-home.png HTTP/1.1" 404 216
::1 - - [25/Jan/2017:19:10:48 +0100] "GET /?page=inc/contact.php HTTP/1.1" 200 3393
::1 - - [25/Jan/2017:19:10:48 +0100] "GET /images/bg-home.png HTTP/1.1" 404 216
::1 - - [25/Jan/2017:19:10:50 +0100] "GET /?name=&Address=&Email=&meassage= HTTP/1.1" 200 3949
::1 - - [25/Jan/2017:19:10:50 +0100] "GET /images/bg-home.png HTTP/1.1" 404 216
::1 - - [25/Jan/2017:19:12:40 +0100] "GET /?page=inc/contact.php HTTP/1.1" 200 3393
::1 - - [25/Jan/2017:19:12:40 +0100] "GET /images/bg-home.png HTTP/1.1" 404 216
::1 - - [25/Jan/2017:21:27:22 +0100] "GET /?page=inc/homepage.php HTTP/1.1" 200 3949
::1 - - [25/Jan/2017:21:27:22 +0100] "GET /images/logo.png HTTP/1.1" 304 -
::1 - - [25/Jan/2017:21:27:22 +0100] "GET /images/bg-home.png HTTP/1.1" 404 216
